<?xml version="1.0" encoding="UTF-8"?>
<!-- Generated by org.testng.reporters.JUnitXMLReporter -->
<testsuite ignored="0" hostname="Ankit" failures="1" tests="4" name="chromeTest" time="37.321" errors="0" timestamp="2022-10-09T13:23:00 IST">
  <testcase classname="com.SauceDemo.TestClass.TC01_VerifyLoginFunctionality" name="verifyLoginFunctionality" time="0.014"/>
  <testcase classname="com.SauceDemo.TestClass.TC02_VerifyLogOutFunctionality" name="VerifyLogOutFunctionality" time="3.331"/>
  <testcase classname="com.SauceDemo.TestClass.TC03_VerifyBagProductFunctionality" name="verifyBagProductFunctionality" time="0.454"/>
  <testcase classname="com.SauceDemo.TestClass.TC04_VerifyAllProductFunctionality" name="verifyAllProductFunctionality" time="0.523">
    <failure type="java.lang.AssertionError" message="expected [5] but found [6]">
      <![CDATA[java.lang.AssertionError: expected [5] but found [6]
at com.SauceDemo.TestClass.TC04_VerifyAllProductFunctionality.verifyAllProductFunctionality(TC04_VerifyAllProductFunctionality.java:31)
at java.base/java.util.ArrayList.forEach(ArrayList.java:1511)
... Removed 31 stack frames]]>
    </failure>
  </testcase> <!-- verifyAllProductFunctionality -->
</testsuite> <!-- chromeTest -->
