<?xml version="1.0" encoding="UTF-8"?>
<!-- Generated by org.testng.reporters.JUnitXMLReporter -->
<testsuite ignored="0" hostname="Ankit" failures="0" tests="4" name="Test" time="0.08" errors="0" timestamp="2022-10-08T14:30:59 IST">
  <testcase classname="com.SauceDemo.POMClass.TestBaseClass" name="@BeforeMethod setUp" time="-1.665219659175E9">
    <failure type="org.testng.TestNGException" message="
Parameter &amp;apos;browserName&amp;apos; is required by BeforeMethod on method setUp but has not been marked @Optional or defined
in C:\Users\HP\eclipse-workspace\SauceDemo1\testng.xml">
      <![CDATA[org.testng.TestNGException: 
Parameter 'browserName' is required by BeforeMethod on method setUp but has not been marked @Optional or defined
in C:\Users\HP\eclipse-workspace\SauceDemo1\testng.xml
at java.base/java.util.ArrayList.forEach(ArrayList.java:1511)
... Removed 28 stack frames]]>
    </failure>
  </testcase> <!-- @BeforeMethod setUp -->
  <testcase classname="com.SauceDemo.POMClass.TestBaseClass" name="@AfterMethod tearDown" time="-1.665219659189E9">
    <skipped/>
  </testcase> <!-- @AfterMethod tearDown -->
  <testcase classname="com.SauceDemo.POMClass.TestBaseClass" name="@BeforeMethod setUp" time="-1.665219659193E9">
    <failure type="org.testng.TestNGException" message="
Parameter &amp;apos;browserName&amp;apos; is required by BeforeMethod on method setUp but has not been marked @Optional or defined
in C:\Users\HP\eclipse-workspace\SauceDemo1\testng.xml">
      <![CDATA[org.testng.TestNGException: 
Parameter 'browserName' is required by BeforeMethod on method setUp but has not been marked @Optional or defined
in C:\Users\HP\eclipse-workspace\SauceDemo1\testng.xml
at java.base/java.util.ArrayList.forEach(ArrayList.java:1511)
... Removed 28 stack frames]]>
    </failure>
  </testcase> <!-- @BeforeMethod setUp -->
  <testcase classname="com.SauceDemo.POMClass.TestBaseClass" name="@AfterMethod tearDown" time="-1.665219659197E9">
    <skipped/>
  </testcase> <!-- @AfterMethod tearDown -->
  <testcase classname="com.SauceDemo.POMClass.TestBaseClass" name="@BeforeMethod setUp" time="-1.665219659198E9">
    <failure type="org.testng.TestNGException" message="
Parameter &amp;apos;browserName&amp;apos; is required by BeforeMethod on method setUp but has not been marked @Optional or defined
in C:\Users\HP\eclipse-workspace\SauceDemo1\testng.xml">
      <![CDATA[org.testng.TestNGException: 
Parameter 'browserName' is required by BeforeMethod on method setUp but has not been marked @Optional or defined
in C:\Users\HP\eclipse-workspace\SauceDemo1\testng.xml
at java.base/java.util.ArrayList.forEach(ArrayList.java:1511)
... Removed 28 stack frames]]>
    </failure>
  </testcase> <!-- @BeforeMethod setUp -->
  <testcase classname="com.SauceDemo.POMClass.TestBaseClass" name="@AfterMethod tearDown" time="-1.665219659201E9">
    <skipped/>
  </testcase> <!-- @AfterMethod tearDown -->
  <testcase classname="com.SauceDemo.POMClass.TestBaseClass" name="@BeforeMethod setUp" time="-1.665219659202E9">
    <failure type="org.testng.TestNGException" message="
Parameter &amp;apos;browserName&amp;apos; is required by BeforeMethod on method setUp but has not been marked @Optional or defined
in C:\Users\HP\eclipse-workspace\SauceDemo1\testng.xml">
      <![CDATA[org.testng.TestNGException: 
Parameter 'browserName' is required by BeforeMethod on method setUp but has not been marked @Optional or defined
in C:\Users\HP\eclipse-workspace\SauceDemo1\testng.xml
at java.base/java.util.ArrayList.forEach(ArrayList.java:1511)
... Removed 28 stack frames]]>
    </failure>
  </testcase> <!-- @BeforeMethod setUp -->
  <testcase classname="com.SauceDemo.POMClass.TestBaseClass" name="@AfterMethod tearDown" time="-1.665219659206E9">
    <skipped/>
  </testcase> <!-- @AfterMethod tearDown -->
  <testcase classname="com.SauceDemo.TestClass.TC01_VerifyLoginFunctionality" name="verifyLoginFunctionality" time="0.0">
    <skipped/>
  </testcase> <!-- verifyLoginFunctionality -->
  <testcase classname="com.SauceDemo.TestClass.TC02_VerifyLogOutFunctionality" name="VerifyLogOutFunctionality" time="0.0">
    <skipped/>
  </testcase> <!-- VerifyLogOutFunctionality -->
  <testcase classname="com.SauceDemo.TestClass.TC03_VerifyBagProductFunctionality" name="verifyBagProductFunctionality" time="0.0">
    <skipped/>
  </testcase> <!-- verifyBagProductFunctionality -->
  <testcase classname="com.SauceDemo.TestClass.TC04_VerifyAllProductFunctionality" name="verifyAllProductFunctionality" time="0.0">
    <skipped/>
  </testcase> <!-- verifyAllProductFunctionality -->
</testsuite> <!-- Test -->
