<?xml version="1.0" encoding="UTF-8"?>
<testng-results ignored="0" total="4" passed="3" failed="1" skipped="0">
  <reporter-output>
  </reporter-output>
  <suite started-at="2022-10-09T13:22:22 IST" name="Suite" finished-at="2022-10-09T13:23:00 IST" duration-ms="37321">
    <groups>
    </groups>
    <test started-at="2022-10-09T13:22:22 IST" name="chromeTest" finished-at="2022-10-09T13:23:00 IST" duration-ms="37321">
      <class name="com.SauceDemo.TestClass.TC03_VerifyBagProductFunctionality">
        <test-method is-config="true" signature="setUp(java.lang.String)[pri:0, instance:com.SauceDemo.TestClass.TC03_VerifyBagProductFunctionality@6fd83fc1]" started-at="2022-10-09T13:22:43 IST" name="setUp" finished-at="2022-10-09T13:22:51 IST" duration-ms="7649" status="PASS">
          <params>
            <param index="0">
              <value>
                <![CDATA[chrome]]>
              </value>
            </param>
          </params>
          <reporter-output>
          </reporter-output>
        </test-method> <!-- setUp -->
        <test-method signature="verifyBagProductFunctionality()[pri:0, instance:com.SauceDemo.TestClass.TC03_VerifyBagProductFunctionality@6fd83fc1]" started-at="2022-10-09T13:22:51 IST" name="verifyBagProductFunctionality" finished-at="2022-10-09T13:22:51 IST" duration-ms="454" status="PASS">
          <reporter-output>
          </reporter-output>
        </test-method> <!-- verifyBagProductFunctionality -->
        <test-method is-config="true" signature="tearDown()[pri:0, instance:com.SauceDemo.TestClass.TC03_VerifyBagProductFunctionality@6fd83fc1]" started-at="2022-10-09T13:22:51 IST" name="tearDown" finished-at="2022-10-09T13:22:51 IST" duration-ms="191" status="PASS">
          <reporter-output>
          </reporter-output>
        </test-method> <!-- tearDown -->
      </class> <!-- com.SauceDemo.TestClass.TC03_VerifyBagProductFunctionality -->
      <class name="com.SauceDemo.TestClass.TC04_VerifyAllProductFunctionality">
        <test-method is-config="true" signature="setUp(java.lang.String)[pri:0, instance:com.SauceDemo.TestClass.TC04_VerifyAllProductFunctionality@4f2b503c]" started-at="2022-10-09T13:22:51 IST" name="setUp" finished-at="2022-10-09T13:22:59 IST" duration-ms="7726" status="PASS">
          <params>
            <param index="0">
              <value>
                <![CDATA[chrome]]>
              </value>
            </param>
          </params>
          <reporter-output>
          </reporter-output>
        </test-method> <!-- setUp -->
        <test-method signature="verifyAllProductFunctionality()[pri:0, instance:com.SauceDemo.TestClass.TC04_VerifyAllProductFunctionality@4f2b503c]" started-at="2022-10-09T13:22:59 IST" name="verifyAllProductFunctionality" finished-at="2022-10-09T13:23:00 IST" duration-ms="523" status="FAIL">
          <exception class="java.lang.AssertionError">
            <message>
              <![CDATA[expected [5] but found [6]]]>
            </message>
            <full-stacktrace>
              <![CDATA[java.lang.AssertionError: expected [5] but found [6]
at org.testng.Assert.fail(Assert.java:99)
at org.testng.Assert.failNotEquals(Assert.java:1037)
at org.testng.Assert.assertEqualsImpl(Assert.java:140)
at org.testng.Assert.assertEquals(Assert.java:122)
at org.testng.Assert.assertEquals(Assert.java:629)
at org.testng.Assert.assertEquals(Assert.java:639)
at com.SauceDemo.TestClass.TC04_VerifyAllProductFunctionality.verifyAllProductFunctionality(TC04_VerifyAllProductFunctionality.java:31)
at java.base/jdk.internal.reflect.DirectMethodHandleAccessor.invoke(DirectMethodHandleAccessor.java:104)
at java.base/java.lang.reflect.Method.invoke(Method.java:577)
at org.testng.internal.MethodInvocationHelper.invokeMethod(MethodInvocationHelper.java:133)
at org.testng.internal.TestInvoker.invokeMethod(TestInvoker.java:598)
at org.testng.internal.TestInvoker.invokeTestMethod(TestInvoker.java:173)
at org.testng.internal.MethodRunner.runInSequence(MethodRunner.java:46)
at org.testng.internal.TestInvoker$MethodInvocationAgent.invoke(TestInvoker.java:824)
at org.testng.internal.TestInvoker.invokeTestMethods(TestInvoker.java:146)
at org.testng.internal.TestMethodWorker.invokeTestMethods(TestMethodWorker.java:146)
at org.testng.internal.TestMethodWorker.run(TestMethodWorker.java:128)
at java.base/java.util.ArrayList.forEach(ArrayList.java:1511)
at org.testng.TestRunner.privateRun(TestRunner.java:794)
at org.testng.TestRunner.run(TestRunner.java:596)
at org.testng.SuiteRunner.runTest(SuiteRunner.java:377)
at org.testng.SuiteRunner.runSequentially(SuiteRunner.java:371)
at org.testng.SuiteRunner.privateRun(SuiteRunner.java:332)
at org.testng.SuiteRunner.run(SuiteRunner.java:276)
at org.testng.SuiteRunnerWorker.runSuite(SuiteRunnerWorker.java:53)
at org.testng.SuiteRunnerWorker.run(SuiteRunnerWorker.java:96)
at org.testng.TestNG.runSuitesSequentially(TestNG.java:1212)
at org.testng.TestNG.runSuitesLocally(TestNG.java:1134)
at org.testng.TestNG.runSuites(TestNG.java:1063)
at org.testng.TestNG.run(TestNG.java:1031)
at org.testng.remote.AbstractRemoteTestNG.run(AbstractRemoteTestNG.java:115)
at org.testng.remote.RemoteTestNG.initAndRun(RemoteTestNG.java:251)
at org.testng.remote.RemoteTestNG.main(RemoteTestNG.java:77)
]]>
            </full-stacktrace>
          </exception> <!-- java.lang.AssertionError -->
          <reporter-output>
          </reporter-output>
        </test-method> <!-- verifyAllProductFunctionality -->
        <test-method is-config="true" signature="tearDown()[pri:0, instance:com.SauceDemo.TestClass.TC04_VerifyAllProductFunctionality@4f2b503c]" started-at="2022-10-09T13:23:00 IST" name="tearDown" finished-at="2022-10-09T13:23:00 IST" duration-ms="174" status="PASS">
          <reporter-output>
          </reporter-output>
        </test-method> <!-- tearDown -->
      </class> <!-- com.SauceDemo.TestClass.TC04_VerifyAllProductFunctionality -->
      <class name="com.SauceDemo.TestClass.TC01_VerifyLoginFunctionality">
        <test-method is-config="true" signature="setUp(java.lang.String)[pri:0, instance:com.SauceDemo.TestClass.TC01_VerifyLoginFunctionality@505fc5a4]" started-at="2022-10-09T13:22:22 IST" name="setUp" finished-at="2022-10-09T13:22:31 IST" duration-ms="8895" status="PASS">
          <params>
            <param index="0">
              <value>
                <![CDATA[chrome]]>
              </value>
            </param>
          </params>
          <reporter-output>
          </reporter-output>
        </test-method> <!-- setUp -->
        <test-method signature="verifyLoginFunctionality()[pri:0, instance:com.SauceDemo.TestClass.TC01_VerifyLoginFunctionality@505fc5a4]" started-at="2022-10-09T13:22:31 IST" name="verifyLoginFunctionality" finished-at="2022-10-09T13:22:31 IST" duration-ms="14" status="PASS">
          <reporter-output>
          </reporter-output>
        </test-method> <!-- verifyLoginFunctionality -->
        <test-method is-config="true" signature="tearDown()[pri:0, instance:com.SauceDemo.TestClass.TC01_VerifyLoginFunctionality@505fc5a4]" started-at="2022-10-09T13:22:31 IST" name="tearDown" finished-at="2022-10-09T13:22:32 IST" duration-ms="181" status="PASS">
          <reporter-output>
          </reporter-output>
        </test-method> <!-- tearDown -->
      </class> <!-- com.SauceDemo.TestClass.TC01_VerifyLoginFunctionality -->
      <class name="com.SauceDemo.TestClass.TC02_VerifyLogOutFunctionality">
        <test-method is-config="true" signature="setUp(java.lang.String)[pri:0, instance:com.SauceDemo.TestClass.TC02_VerifyLogOutFunctionality@52af26ee]" started-at="2022-10-09T13:22:32 IST" name="setUp" finished-at="2022-10-09T13:22:40 IST" duration-ms="7952" status="PASS">
          <params>
            <param index="0">
              <value>
                <![CDATA[chrome]]>
              </value>
            </param>
          </params>
          <reporter-output>
          </reporter-output>
        </test-method> <!-- setUp -->
        <test-method signature="VerifyLogOutFunctionality()[pri:0, instance:com.SauceDemo.TestClass.TC02_VerifyLogOutFunctionality@52af26ee]" started-at="2022-10-09T13:22:40 IST" name="VerifyLogOutFunctionality" finished-at="2022-10-09T13:22:43 IST" duration-ms="3331" status="PASS">
          <reporter-output>
          </reporter-output>
        </test-method> <!-- VerifyLogOutFunctionality -->
        <test-method is-config="true" signature="tearDown()[pri:0, instance:com.SauceDemo.TestClass.TC02_VerifyLogOutFunctionality@52af26ee]" started-at="2022-10-09T13:22:43 IST" name="tearDown" finished-at="2022-10-09T13:22:43 IST" duration-ms="195" status="PASS">
          <reporter-output>
          </reporter-output>
        </test-method> <!-- tearDown -->
      </class> <!-- com.SauceDemo.TestClass.TC02_VerifyLogOutFunctionality -->
    </test> <!-- chromeTest -->
  </suite> <!-- Suite -->
</testng-results>
